<?xml version="1.0" encoding="UTF-8"?>
<!-- Generated by org.testng.reporters.JUnitXMLReporter -->
<testsuite hostname="MININT-ADD5E5S" name="Nopackage" tests="4" failures="0" timestamp="10 Feb 2017 15:07:03 GMT" time="105.088" errors="0">
  <testcase name="loginEmpty" time="18.841" classname="tests.LoginLogoutTest"/>
  <testcase name="loginNegativeTest" time="16.985" classname="tests.LoginLogoutTest"/>
  <testcase name="loginPositiveTest" time="9.865" classname="tests.LoginLogoutTest"/>
  <testcase name="logoutTest" time="23.168" classname="tests.LoginLogoutTest"/>
</testsuite> <!-- Nopackage -->
